<?xml version="1.0" encoding="UTF-8"?>
<testng-results ignored="0" total="5" passed="5" failed="0" skipped="0">
  <reporter-output>
  </reporter-output>
  <suite started-at="2023-07-20T13:19:45 IST" name="Surefire suite" finished-at="2023-07-20T13:24:46 IST" duration-ms="301600">
    <groups>
      <group name="cucumber">
        <method signature="AbstractTestNGCucumberTests.runScenario(io.cucumber.testng.PickleWrapper,io.cucumber.testng.FeatureWrapper)[pri:0, instance:TestRunners.TestRunner@2e6a8155]" name="runScenario" class="io.cucumber.testng.AbstractTestNGCucumberTests"/>
      </group> <!-- cucumber -->
    </groups>
    <test started-at="2023-07-20T13:19:45 IST" name="Surefire test" finished-at="2023-07-20T13:24:46 IST" duration-ms="301600">
      <class name="TestRunners.TestRunner">
        <test-method is-config="true" signature="setUpClass(org.testng.ITestContext)[pri:0, instance:TestRunners.TestRunner@2e6a8155]" started-at="2023-07-20T13:19:45 IST" name="setUpClass" finished-at="2023-07-20T13:20:23 IST" duration-ms="38766" status="PASS">
          <params>
            <param index="0">
              <value>
                <![CDATA[org.testng.TestRunner@5da57a64]]>
              </value>
            </param>
          </params>
          <reporter-output>
          </reporter-output>
        </test-method> <!-- setUpClass -->
        <test-method signature="runScenario(io.cucumber.testng.PickleWrapper,io.cucumber.testng.FeatureWrapper)[pri:0, instance:TestRunners.TestRunner@2e6a8155]" started-at="2023-07-20T13:20:23 IST" name="runScenario" description="Runs Cucumber Scenarios" data-provider="scenarios" finished-at="2023-07-20T13:21:43 IST" duration-ms="79812" status="PASS">
          <params>
            <param index="0">
              <value>
                <![CDATA["validate login functionality"]]>
              </value>
            </param>
            <param index="1">
              <value>
                <![CDATA["verify user able to login and logout in application"]]>
              </value>
            </param>
          </params>
          <reporter-output>
          </reporter-output>
        </test-method> <!-- runScenario -->
        <test-method signature="runScenario(io.cucumber.testng.PickleWrapper,io.cucumber.testng.FeatureWrapper)[pri:0, instance:TestRunners.TestRunner@2e6a8155]" started-at="2023-07-20T13:21:43 IST" name="runScenario" description="Runs Cucumber Scenarios" data-provider="scenarios" finished-at="2023-07-20T13:22:31 IST" duration-ms="48147" status="PASS">
          <params>
            <param index="0">
              <value>
                <![CDATA["validate logout functionality"]]>
              </value>
            </param>
            <param index="1">
              <value>
                <![CDATA["verify user able to login and logout in application"]]>
              </value>
            </param>
          </params>
          <reporter-output>
          </reporter-output>
        </test-method> <!-- runScenario -->
        <test-method signature="runScenario(io.cucumber.testng.PickleWrapper,io.cucumber.testng.FeatureWrapper)[pri:0, instance:TestRunners.TestRunner@2e6a8155]" started-at="2023-07-20T13:22:31 IST" name="runScenario" description="Runs Cucumber Scenarios" data-provider="scenarios" finished-at="2023-07-20T13:22:58 IST" duration-ms="27072" status="PASS">
          <params>
            <param index="0">
              <value>
                <![CDATA["Verify user able to navigate to the cart page"]]>
              </value>
            </param>
            <param index="1">
              <value>
                <![CDATA["validate Cataloge page"]]>
              </value>
            </param>
          </params>
          <reporter-output>
          </reporter-output>
        </test-method> <!-- runScenario -->
        <test-method signature="runScenario(io.cucumber.testng.PickleWrapper,io.cucumber.testng.FeatureWrapper)[pri:0, instance:TestRunners.TestRunner@2e6a8155]" started-at="2023-07-20T13:22:58 IST" name="runScenario" description="Runs Cucumber Scenarios" data-provider="scenarios" finished-at="2023-07-20T13:24:05 IST" duration-ms="66808" status="PASS">
          <params>
            <param index="0">
              <value>
                <![CDATA["validate add to cart functionality"]]>
              </value>
            </param>
            <param index="1">
              <value>
                <![CDATA["verify user able to add and remove product in cart in application"]]>
              </value>
            </param>
          </params>
          <reporter-output>
          </reporter-output>
        </test-method> <!-- runScenario -->
        <test-method signature="runScenario(io.cucumber.testng.PickleWrapper,io.cucumber.testng.FeatureWrapper)[pri:0, instance:TestRunners.TestRunner@2e6a8155]" started-at="2023-07-20T13:24:05 IST" name="runScenario" description="Runs Cucumber Scenarios" data-provider="scenarios" finished-at="2023-07-20T13:24:42 IST" duration-ms="36847" status="PASS">
          <params>
            <param index="0">
              <value>
                <![CDATA["validate add to remove functionality"]]>
              </value>
            </param>
            <param index="1">
              <value>
                <![CDATA["verify user able to add and remove product in cart in application"]]>
              </value>
            </param>
          </params>
          <reporter-output>
          </reporter-output>
        </test-method> <!-- runScenario -->
        <test-method is-config="true" signature="tearDownClass()[pri:0, instance:TestRunners.TestRunner@2e6a8155]" started-at="2023-07-20T13:24:42 IST" name="tearDownClass" finished-at="2023-07-20T13:24:46 IST" duration-ms="4029" status="PASS">
          <reporter-output>
          </reporter-output>
        </test-method> <!-- tearDownClass -->
      </class> <!-- TestRunners.TestRunner -->
    </test> <!-- Surefire test -->
  </suite> <!-- Surefire suite -->
</testng-results>
